<?xml version="1.0" encoding="UTF-8"?>
<!-- Generated by org.testng.reporters.JUnitReportReporter -->
<testsuite skipped="0" hostname="DESKTOP-MHM4477" name="com.Rest.GETOperation" tests="2" failures="0" timestamp="2022-05-04T11:04:30 EDT" time="0.105" errors="0">
  <testcase name="search_Employee_By_Job_Title" time="0.056" classname="com.Rest.GETOperation"/>
  <system-out/>
  <testcase name="get_all_EmployeeDetails" time="0.049" classname="com.Rest.GETOperation"/>
  <system-out/>
</testsuite> <!-- com.Rest.GETOperation -->
