<?xml version="1.0" encoding="UTF-8"?>
<!-- Generated by org.testng.reporters.JUnitReportReporter -->
<testsuite skipped="0" hostname="DESKTOP-MHM4477" name="com.Rest.PUTOperation" tests="1" failures="0" timestamp="2022-05-04T11:04:30 EDT" time="0.232" errors="0">
  <testcase name="update_a_record_in_customers" time="0.232" classname="com.Rest.PUTOperation"/>
  <system-out/>
</testsuite> <!-- com.Rest.PUTOperation -->
