<?xml version="1.0" encoding="UTF-8"?>
<!-- Generated by org.testng.reporters.JUnitReportReporter -->
<testsuite skipped="0" hostname="DESKTOP-MHM4477" name="com.Rest.POSTOperation" tests="1" failures="0" timestamp="2022-05-04T10:59:41 EDT" time="0.263" errors="0">
  <testcase name="Add_a_record_in_City" time="0.263" classname="com.Rest.POSTOperation"/>
  <system-out/>
</testsuite> <!-- com.Rest.POSTOperation -->
