<?xml version="1.0" encoding="UTF-8"?>
<!-- Generated by org.testng.reporters.JUnitReportReporter -->
<testsuite skipped="0" hostname="DESKTOP-MHM4477" name="com.Rest.DELETEOperation" tests="1" failures="0" timestamp="2022-05-04T11:04:30 EDT" time="1.049" errors="0">
  <testcase name="delete_customer_by_id" time="1.049" classname="com.Rest.DELETEOperation"/>
  <system-out/>
</testsuite> <!-- com.Rest.DELETEOperation -->
